# JRE version: Java(TM) SE Runtime Environment (7.0_45-b18) (build 1.7.0_45-b18)
# Java VM: Java HotSpot(TM) 64-Bit Server VM (24.45-b08 mixed mode windows-amd64 compressed oops)
Heap
 PSYoungGen      total 140288K, used 66314K [0x00000000f5500000, 0x0000000100000000, 0x0000000100000000)
  eden space 135168K, 49% used [0x00000000f5500000,0x00000000f95c2a80,0x00000000fd900000)
  from space 5120K, 0% used [0x00000000fd900000,0x00000000fd900000,0x00000000fde00000)
  to   space 5120K, 0% used [0x00000000ffb00000,0x00000000ffb00000,0x0000000100000000)
 ParOldGen       total 161792K, used 70492K [0x00000000e0000000, 0x00000000e9e00000, 0x00000000f5500000)
  object space 161792K, 43% used [0x00000000e0000000,0x00000000e44d72f0,0x00000000e9e00000)
 PSPermGen       total 31232K, used 17581K [0x00000000dae00000, 0x00000000dcc80000, 0x00000000e0000000)
  object space 31232K, 56% used [0x00000000dae00000,0x00000000dbf2b7b0,0x00000000dcc80000)
GC Heap History (10 events):
Event: 1.538 GC heap before
{Heap before GC invocations=3 (full 0):
 PSYoungGen      total 72704K, used 72672K [0x00000000f5500000, 0x00000000fa100000, 0x0000000100000000)
  eden space 67584K, 100% used [0x00000000f5500000,0x00000000f9700000,0x00000000f9700000)
  from space 5120K, 99% used [0x00000000f9c00000,0x00000000fa0f8060,0x00000000fa100000)
  to   space 5120K, 0% used [0x00000000f9700000,0x00000000f9700000,0x00000000f9c00000)
 ParOldGen       total 87040K, used 23827K [0x00000000e0000000, 0x00000000e5500000, 0x00000000f5500000)
  object space 87040K, 27% used [0x00000000e0000000,0x00000000e1744f50,0x00000000e5500000)
 PSPermGen       total 21504K, used 11822K [0x00000000dae00000, 0x00000000dc300000, 0x00000000e0000000)
  object space 21504K, 54% used [0x00000000dae00000,0x00000000db98b828,0x00000000dc300000)
Event: 1.573 GC heap after
Heap after GC invocations=3 (full 0):
 PSYoungGen      total 72704K, used 5104K [0x00000000f5500000, 0x00000000fe300000, 0x0000000100000000)
  eden space 67584K, 0% used [0x00000000f5500000,0x00000000f5500000,0x00000000f9700000)
  from space 5120K, 99% used [0x00000000f9700000,0x00000000f9bfc070,0x00000000f9c00000)
  to   space 5120K, 0% used [0x00000000fde00000,0x00000000fde00000,0x00000000fe300000)
 ParOldGen       total 87040K, used 32250K [0x00000000e0000000, 0x00000000e5500000, 0x00000000f5500000)
  object space 87040K, 37% used [0x00000000e0000000,0x00000000e1f7eaf0,0x00000000e5500000)
 PSPermGen       total 21504K, used 11822K [0x00000000dae00000, 0x00000000dc300000, 0x00000000e0000000)
  object space 21504K, 54% used [0x00000000dae00000,0x00000000db98b828,0x00000000dc300000)
}
Event: 1.573 GC heap before
{Heap before GC invocations=4 (full 0):
 PSYoungGen      total 72704K, used 5499K [0x00000000f5500000, 0x00000000fe300000, 0x0000000100000000)
  eden space 67584K, 0% used [0x00000000f5500000,0x00000000f5562f68,0x00000000f9700000)
  from space 5120K, 99% used [0x00000000f9700000,0x00000000f9bfc070,0x00000000f9c00000)
  to   space 5120K, 0% used [0x00000000fde00000,0x00000000fde00000,0x00000000fe300000)
 ParOldGen       total 87040K, used 32250K [0x00000000e0000000, 0x00000000e5500000, 0x00000000f5500000)
  object space 87040K, 37% used [0x00000000e0000000,0x00000000e1f7eaf0,0x00000000e5500000)
 PSPermGen       total 21504K, used 11822K [0x00000000dae00000, 0x00000000dc300000, 0x00000000e0000000)
  object space 21504K, 54% used [0x00000000dae00000,0x00000000db98b828,0x00000000dc300000)
Event: 1.588 GC heap after
Heap after GC invocations=4 (full 0):
 PSYoungGen      total 140288K, used 5088K [0x00000000f5500000, 0x00000000fe300000, 0x0000000100000000)
  eden space 135168K, 0% used [0x00000000f5500000,0x00000000f5500000,0x00000000fd900000)
  from space 5120K, 99% used [0x00000000fde00000,0x00000000fe2f8060,0x00000000fe300000)
  to   space 5120K, 0% used [0x00000000fd900000,0x00000000fd900000,0x00000000fde00000)
 ParOldGen       total 87040K, used 32362K [0x00000000e0000000, 0x00000000e5500000, 0x00000000f5500000)
  object space 87040K, 37% used [0x00000000e0000000,0x00000000e1f9aaf0,0x00000000e5500000)
 PSPermGen       total 21504K, used 11822K [0x00000000dae00000, 0x00000000dc300000, 0x00000000e0000000)
  object space 21504K, 54% used [0x00000000dae00000,0x00000000db98b828,0x00000000dc300000)
}
Event: 1.588 GC heap before
{Heap before GC invocations=5 (full 1):
 PSYoungGen      total 140288K, used 5088K [0x00000000f5500000, 0x00000000fe300000, 0x0000000100000000)
  eden space 135168K, 0% used [0x00000000f5500000,0x00000000f5500000,0x00000000fd900000)
  from space 5120K, 99% used [0x00000000fde00000,0x00000000fe2f8060,0x00000000fe300000)
  to   space 5120K, 0% used [0x00000000fd900000,0x00000000fd900000,0x00000000fde00000)
 ParOldGen       total 87040K, used 32362K [0x00000000e0000000, 0x00000000e5500000, 0x00000000f5500000)
  object space 87040K, 37% used [0x00000000e0000000,0x00000000e1f9aaf0,0x00000000e5500000)
 PSPermGen       total 21504K, used 11822K [0x00000000dae00000, 0x00000000dc300000, 0x00000000e0000000)
  object space 21504K, 54% used [0x00000000dae00000,0x00000000db98b828,0x00000000dc300000)
Event: 1.819 GC heap after
Heap after GC invocations=5 (full 1):
 PSYoungGen      total 140288K, used 0K [0x00000000f5500000, 0x00000000fe300000, 0x0000000100000000)
  eden space 135168K, 0% used [0x00000000f5500000,0x00000000f5500000,0x00000000fd900000)
  from space 5120K, 0% used [0x00000000fde00000,0x00000000fde00000,0x00000000fe300000)
  to   space 5120K, 0% used [0x00000000fd900000,0x00000000fd900000,0x00000000fde00000)
 ParOldGen       total 87040K, used 34950K [0x00000000e0000000, 0x00000000e5500000, 0x00000000f5500000)
  object space 87040K, 40% used [0x00000000e0000000,0x00000000e2221908,0x00000000e5500000)
 PSPermGen       total 24064K, used 11817K [0x00000000dae00000, 0x00000000dc580000, 0x00000000e0000000)
  object space 24064K, 49% used [0x00000000dae00000,0x00000000db98a750,0x00000000dc580000)
}
Event: 3.092 GC heap before
{Heap before GC invocations=6 (full 1):
 PSYoungGen      total 140288K, used 135168K [0x00000000f5500000, 0x00000000fe300000, 0x0000000100000000)
  eden space 135168K, 100% used [0x00000000f5500000,0x00000000fd900000,0x00000000fd900000)
  from space 5120K, 0% used [0x00000000fde00000,0x00000000fde00000,0x00000000fe300000)
  to   space 5120K, 0% used [0x00000000fd900000,0x00000000fd900000,0x00000000fde00000)
 ParOldGen       total 87040K, used 34950K [0x00000000e0000000, 0x00000000e5500000, 0x00000000f5500000)
  object space 87040K, 40% used [0x00000000e0000000,0x00000000e2221908,0x00000000e5500000)
 PSPermGen       total 24064K, used 17567K [0x00000000dae00000, 0x00000000dc580000, 0x00000000e0000000)
  object space 24064K, 73% used [0x00000000dae00000,0x00000000dbf27d70,0x00000000dc580000)
Event: 3.188 GC heap after
Heap after GC invocations=6 (full 1):
 PSYoungGen      total 140288K, used 5089K [0x00000000f5500000, 0x0000000100000000, 0x0000000100000000)
  eden space 135168K, 0% used [0x00000000f5500000,0x00000000f5500000,0x00000000fd900000)
  from space 5120K, 99% used [0x00000000fd900000,0x00000000fddf8400,0x00000000fde00000)
  to   space 5120K, 0% used [0x00000000ffb00000,0x00000000ffb00000,0x0000000100000000)
 ParOldGen       total 87040K, used 68212K [0x00000000e0000000, 0x00000000e5500000, 0x00000000f5500000)
  object space 87040K, 78% used [0x00000000e0000000,0x00000000e429d080,0x00000000e5500000)
 PSPermGen       total 24064K, used 17567K [0x00000000dae00000, 0x00000000dc580000, 0x00000000e0000000)
  object space 24064K, 73% used [0x00000000dae00000,0x00000000dbf27d70,0x00000000dc580000)
}
Event: 3.188 GC heap before
{Heap before GC invocations=7 (full 2):
 PSYoungGen      total 140288K, used 5089K [0x00000000f5500000, 0x0000000100000000, 0x0000000100000000)
  eden space 135168K, 0% used [0x00000000f5500000,0x00000000f5500000,0x00000000fd900000)
  from space 5120K, 99% used [0x00000000fd900000,0x00000000fddf8400,0x00000000fde00000)
  to   space 5120K, 0% used [0x00000000ffb00000,0x00000000ffb00000,0x0000000100000000)
 ParOldGen       total 87040K, used 68212K [0x00000000e0000000, 0x00000000e5500000, 0x00000000f5500000)
  object space 87040K, 78% used [0x00000000e0000000,0x00000000e429d080,0x00000000e5500000)
 PSPermGen       total 24064K, used 17567K [0x00000000dae00000, 0x00000000dc580000, 0x00000000e0000000)
  object space 24064K, 73% used [0x00000000dae00000,0x00000000dbf27d70,0x00000000dc580000)
Event: 3.572 GC heap after
Heap after GC invocations=7 (full 2):
 PSYoungGen      total 140288K, used 0K [0x00000000f5500000, 0x0000000100000000, 0x0000000100000000)
  eden space 135168K, 0% used [0x00000000f5500000,0x00000000f5500000,0x00000000fd900000)
  from space 5120K, 0% used [0x00000000fd900000,0x00000000fd900000,0x00000000fde00000)
  to   space 5120K, 0% used [0x00000000ffb00000,0x00000000ffb00000,0x0000000100000000)
 ParOldGen       total 161792K, used 70492K [0x00000000e0000000, 0x00000000e9e00000, 0x00000000f5500000)
  object space 161792K, 43% used [0x00000000e0000000,0x00000000e44d72f0,0x00000000e9e00000)
 PSPermGen       total 31232K, used 17563K [0x00000000dae00000, 0x00000000dcc80000, 0x00000000e0000000)
  object space 31232K, 56% used [0x00000000dae00000,0x00000000dbf26da0,0x00000000dcc80000)
}

