<?xml version="1.0" encoding="UTF-8" ?>
<testsuite failures="0" time="12.97" errors="0" skipped="0" tests="42" name="All the Util GWT tests">
  <properties>
[...]
</properties>
  <testcase time="11.151" classname="com.blockwithme.util.client.test.GwtTestRandomTest" name="testRandom"/>
  <testcase time="0.028" classname="com.blockwithme.util.client.test.GwtTestSystemTest" name="testProperties"/>
  <testcase time="0.028" classname="com.blockwithme.util.client.test.GwtTestSystemTest" name="testErr"/>
  <testcase time="0.025" classname="com.blockwithme.util.client.test.GwtTestSystemTest" name="testOut"/>
  <testcase time="0.024" classname="com.blockwithme.util.client.test.GwtTestSystemTest" name="testGc"/>
  <testcase time="0.028" classname="com.blockwithme.util.client.test.GwtTestSystemTest" name="testArraycopy"/>
  <testcase time="0.438" classname="com.blockwithme.util.client.test.GwtTestSystemTest" name="testCurrentTimeMillis"/>
  <testcase time="0.035" classname="com.blockwithme.util.client.test.GwtTestSystemTest" name="testIdentityHashCode"/>
  <testcase time="0.025" classname="com.blockwithme.util.client.test.GwtTestSystemTest" name="testLineSeparator"/>
  <testcase time="0.022" classname="com.blockwithme.util.client.test.GwtTestSystemUtilsTest" name="testReflection"/>
  <testcase time="0.028" classname="com.blockwithme.util.client.test.GwtTestSystemUtilsTest" name="testGetTimeSource"/>
  <testcase time="0.078" classname="com.blockwithme.util.client.test.GwtTestSystemUtilsTest" name="testLocalUTC"/>
  <testcase time="0.013" classname="com.blockwithme.util.client.test.GwtTestSystemUtilsTest" name="testGetTimer"/>
  <testcase time="0.013" classname="com.blockwithme.util.client.test.GwtTestSystemUtilsTest" name="testGWT"/>
  <testcase time="0.014" classname="com.blockwithme.util.client.test.GwtTestSystemUtilsTest" name="testRND"/>
  <testcase time="0.014" classname="com.blockwithme.util.client.test.GwtTestSystemUtilsTest" name="testCurrentTimeMillis"/>
  <testcase time="0.014" classname="com.blockwithme.util.client.test.GwtTestSystemUtilsTest" name="testReportUncaughtException"/>
  <testcase time="0.013" classname="com.blockwithme.util.client.test.GwtTestSystemUtilsTest" name="testPowerOfTwo"/>
  <testcase time="0.014" classname="com.blockwithme.util.client.test.GwtTestSystemUtilsTest" name="testLowHighLong"/>
  <testcase time="0.013" classname="com.blockwithme.util.client.test.GwtTestThreadTest" name="testActiveCount"/>
  <testcase time="0.05" classname="com.blockwithme.util.client.test.GwtTestThreadTest" name="testRun"/>
  <testcase time="0.029" classname="com.blockwithme.util.client.test.GwtTestThreadTest" name="testGetId"/>
  <testcase time="0.04" classname="com.blockwithme.util.client.test.GwtTestThreadTest" name="testSleep"/>
  <testcase time="0.023" classname="com.blockwithme.util.client.test.GwtTestThreadTest" name="testYield"/>
  <testcase time="0.03" classname="com.blockwithme.util.client.test.GwtTestThreadTest" name="testGetName"/>
  <testcase time="0.02" classname="com.blockwithme.util.client.test.GwtTestThreadTest" name="testCurrentThread"/>
  <testcase time="0.021" classname="com.blockwithme.util.client.test.GwtTestThreadTest" name="testIsDaemon"/>
  <testcase time="0.028" classname="com.blockwithme.util.client.test.GwtTestThreadTest" name="testPetPriority"/>
  <testcase time="0.021" classname="com.blockwithme.util.client.test.GwtTestThreadTest" name="testIsAlive"/>
  <testcase time="0.022" classname="com.blockwithme.util.client.test.GwtTestThreadTest" name="testInterrupted"/>
  <testcase time="0.03" classname="com.blockwithme.util.client.test.GwtTestTimerTest" name="testScheduleDate"/>
  <testcase time="0.092" classname="com.blockwithme.util.client.test.GwtTestTimerTest" name="testScheduleLong"/>
  <testcase time="0.201" classname="com.blockwithme.util.client.test.GwtTestTimerTest" name="testScheduleDateLong"/>
  <testcase time="0.02" classname="com.blockwithme.util.client.test.GwtTestTimerTest" name="testScheduleAtFixedRateDateLong"/>
  <testcase time="0.197" classname="com.blockwithme.util.client.test.GwtTestTimerTest" name="testScheduleLongLong"/>
  <testcase time="0.016" classname="com.blockwithme.util.client.test.GwtTestTimerTest" name="testScheduleAtFixedRateLongLong"/>
  <testcase time="0.017" classname="com.blockwithme.util.client.test.GwtTestScriptEngineManagerTest" name="testObjects"/>
  <testcase time="0.012" classname="com.blockwithme.util.client.test.GwtTestScriptEngineManagerTest" name="testCreateObjects"/>
  <testcase time="0.011" classname="com.blockwithme.util.client.test.GwtTestScriptEngineManagerTest" name="testExport"/>
  <testcase time="0.013" classname="com.blockwithme.util.client.test.GwtTestScriptEngineManagerTest" name="testNumbers"/>
  <testcase time="0.027" classname="com.blockwithme.util.client.test.GwtTestScriptEngineManagerTest" name="testStrings"/>
  <testcase time="0.027" classname="com.blockwithme.util.client.test.GwtTestWeakKeyMapTest" name="test"/>
</testsuite>